\BOOKMARK [1][]{section.1}{\376\377\116\000\060\001\000\040\000P\000r\000o\000b\000l\000e\000m\000\040\000R\000e\000s\000t\000a\000t\000e\000m\000e\000n\000t}{}% 1
\BOOKMARK [2][]{subsection.1.1}{\376\377\0001\000.\0001\000\040\000Q\000u\000e\000s\000t\000i\000o\000n\000\040\0001\000:\000\040\000D\000e\000v\000e\000l\000o\000p\000m\000e\000n\000t\000\040\000o\000f\000\040\000C\000h\000i\000n\000a\000'\000s\000\040\000P\000e\000t\000\040\000I\000n\000d\000u\000s\000t\000r\000y}{section.1}% 2
\BOOKMARK [3][]{subsubsection.1.1.1}{\376\377\0001\000.\0001\000.\0001\000\040\000O\000b\000j\000e\000c\000t\000i\000v\000e}{subsection.1.1}% 3
\BOOKMARK [3][]{subsubsection.1.1.2}{\376\377\0001\000.\0001\000.\0002\000\040\000F\000a\000c\000t\000o\000r\000s}{subsection.1.1}% 4
\BOOKMARK [3][]{subsubsection.1.1.3}{\376\377\0001\000.\0001\000.\0003\000\040\000M\000o\000d\000e\000l\000i\000n\000g\000\040\000T\000a\000s\000k}{subsection.1.1}% 5
\BOOKMARK [2][]{subsection.1.2}{\376\377\0001\000.\0002\000\040\000Q\000u\000e\000s\000t\000i\000o\000n\000\040\0002\000:\000\040\000G\000l\000o\000b\000a\000l\000\040\000P\000e\000t\000\040\000I\000n\000d\000u\000s\000t\000r\000y\000\040\000D\000e\000v\000e\000l\000o\000p\000m\000e\000n\000t}{section.1}% 6
\BOOKMARK [3][]{subsubsection.1.2.1}{\376\377\0001\000.\0002\000.\0001\000\040\000O\000b\000j\000e\000c\000t\000i\000v\000e}{subsection.1.2}% 7
\BOOKMARK [3][]{subsubsection.1.2.2}{\376\377\0001\000.\0002\000.\0002\000\040\000F\000a\000c\000t\000o\000r\000s}{subsection.1.2}% 8
\BOOKMARK [3][]{subsubsection.1.2.3}{\376\377\0001\000.\0002\000.\0003\000\040\000M\000o\000d\000e\000l\000i\000n\000g\000\040\000T\000a\000s\000k}{subsection.1.2}% 9
\BOOKMARK [2][]{subsection.1.3}{\376\377\0001\000.\0003\000\040\000Q\000u\000e\000s\000t\000i\000o\000n\000\040\0003\000:\000\040\000C\000h\000i\000n\000a\000'\000s\000\040\000P\000e\000t\000\040\000F\000o\000o\000d\000\040\000I\000n\000d\000u\000s\000t\000r\000y}{section.1}% 10
\BOOKMARK [3][]{subsubsection.1.3.1}{\376\377\0001\000.\0003\000.\0001\000\040\000O\000b\000j\000e\000c\000t\000i\000v\000e}{subsection.1.3}% 11
\BOOKMARK [3][]{subsubsection.1.3.2}{\376\377\0001\000.\0003\000.\0002\000\040\000F\000a\000c\000t\000o\000r\000s}{subsection.1.3}% 12
\BOOKMARK [3][]{subsubsection.1.3.3}{\376\377\0001\000.\0003\000.\0003\000\040\000M\000o\000d\000e\000l\000i\000n\000g\000\040\000T\000a\000s\000k}{subsection.1.3}% 13
\BOOKMARK [2][]{subsection.1.4}{\376\377\0001\000.\0004\000\040\000Q\000u\000e\000s\000t\000i\000o\000n\000\040\0004\000:\000\040\000I\000m\000p\000a\000c\000t\000\040\000o\000f\000\040\000F\000o\000r\000e\000i\000g\000n\000\040\000E\000c\000o\000n\000o\000m\000i\000c\000\040\000P\000o\000l\000i\000c\000i\000e\000s}{section.1}% 14
\BOOKMARK [3][]{subsubsection.1.4.1}{\376\377\0001\000.\0004\000.\0001\000\040\000O\000b\000j\000e\000c\000t\000i\000v\000e}{subsection.1.4}% 15
\BOOKMARK [3][]{subsubsection.1.4.2}{\376\377\0001\000.\0004\000.\0002\000\040\000F\000a\000c\000t\000o\000r\000s}{subsection.1.4}% 16
\BOOKMARK [3][]{subsubsection.1.4.3}{\376\377\0001\000.\0004\000.\0003\000\040\000M\000o\000d\000e\000l\000i\000n\000g\000\040\000T\000a\000s\000k}{subsection.1.4}% 17
\BOOKMARK [1][]{section.2}{\376\377\116\214\060\001\000\040\000M\000o\000d\000e\000l\000\040\000A\000s\000s\000u\000m\000p\000t\000i\000o\000n\000s}{}% 18
\BOOKMARK [1][]{section.3}{\376\377\116\011\060\001\000\040\173\046\123\367\213\364\146\016}{}% 19
\BOOKMARK [1][]{section.4}{\376\377\126\333\060\001\000\040\225\356\230\230\122\006\147\220}{}% 20
\BOOKMARK [2][]{subsection.4.1}{\376\377\0004\000.\0001\000\040\225\356\230\230\116\000\122\006\147\220}{section.4}% 21
\BOOKMARK [1][]{section.5}{\376\377\116\224\060\001\000\040\176\330\122\066\146\156\220\032\116\011\176\277\210\150\150\074}{}% 22
\BOOKMARK [1][]{section*.5}{\376\377\000R\000e\000f\000e\000r\000e\000n\000c\000e\000s}{}% 23
\BOOKMARK [1][]{appendix.a.A}{\376\377\000A\000p\000p\000e\000n\000d\000i\000x\000\040\000A\000\040\143\222\226\037\173\227\154\325\040\023\000m\000a\000t\000l\000a\000b\000\040\156\220\172\013\136\217}{}% 24
\BOOKMARK [1][]{appendix.a.B}{\376\377\000A\000p\000p\000e\000n\000d\000i\000x\000\040\000B\000\040\211\304\122\022\211\343\121\263\172\013\136\217\040\023\000l\000i\000n\000g\000o\156\220\116\343\170\001}{}% 25
\BOOKMARK [1][]{section*.7}{\376\377\000R\000e\000f\000e\000r\000e\000n\000c\000e\000s}{}% 26
